Generated summary:  Miyakonojo City in Miyazaki Prefecture has introd...
Summarized article Miyakonojo Introduces Grandchild Leave for Up to Seven Days:  Miyakonojo City in Miyazaki Prefecture has introd...
Generated summary:  The proposed Kivalliq Hydro-Fibre Link would see ...
Summarized article Premiers Kinew, Akeeagok ink deal to build hydro transmission line from Manitoba to Nunavut:  The proposed Kivalliq Hydro-Fibre Link would see ...
Generated summary:  Liberal Leader Mark Carney faced jabs from his op...
Summarized article Front-runner Carney faces jabs from all sides at French-language debate:  Liberal Leader Mark Carney faced jabs from his op...
Generated summary:  The B.C. Health Coalition has issued an open lett...
Summarized article B.C. Health Coalition urges province to end contract with U.S. owner of LifeLabs:  The B.C. Health Coalition has issued an open lett...
Article B.C. Health Coalition urges province to end contract with U.S. owner of LifeLabs already summarized.
Generated summary:  Bayern Munich beat Inter Milan 2-2 to advance to ...
Summarized article Inter grit past Bayern, but must be better vs. Barcelona:  Bayern Munich beat Inter Milan 2-2 to advance to ...
Article Inter grit past Bayern, but must be better vs. Barcelona already summarized.
Generated summary:  Carlos Teron, 34, was shot in the head minutes be...
Summarized article Bronx dad and former amateur boxer with 2-month-old son shot dead outside NYC elementary school:  Carlos Teron, 34, was shot in the head minutes be...
Article Bronx dad and former amateur boxer with 2-month-old son shot dead outside NYC elementary school already summarized.
Generated summary:  Schoolchildren aged 6 to 8 years underwent compre...
Summarized article Prevalence, Severity of Pediatric Astigmatism Increased After Pandemic:  Schoolchildren aged 6 to 8 years underwent compre...
Generated summary:  Lifetime excess weight and adult weight gain are ...
Summarized article Lifetime Excess Weight, Adult Weight Gain Linked to Increased Renal Cancer Risk:  Lifetime excess weight and adult weight gain are ...
Generated summary:  Children exposed to maternal cannabis use disorde...
Summarized article Exposure to Maternal Cannabis Use Disorder Ups Risk for Youth Behavioral Disorders:  Children exposed to maternal cannabis use disorde...
Generated summary:  Star Wars Zero Company is long-rumoured single-pl...
Summarized article Star Wars Zero Company has been announced, will be revealed in full later this week:  Star Wars Zero Company is long-rumoured single-pl...
Generated summary:  Dosium Touchdose solution went live at West Middl...
Summarized article West Middlesex hospital launches prescribing tool for paediatrics:  Dosium Touchdose solution went live at West Middl...
Generated summary:  India plans to bring hundreds of millions of new ...
Summarized article NPCI Targets 300 Million New Users for UPI Payments Platform:  India plans to bring hundreds of millions of new ...
Generated summary:  Paytm founder, CEO and MD Vijay Shekhar Sharma ha...
Summarized article Paytm CEO Vijay Shekhar Sharma Surrenders 2.1 Cr ESOPs:  Paytm founder, CEO and MD Vijay Shekhar Sharma ha...
Generated summary:  There was some optimism about Iran nuclear talks ...
Summarized article New US sanctions target Iran oil tankers:  There was some optimism about Iran nuclear talks ...
Generated summary:  The Dividend Monarchs Index outperformed both the...
Summarized article Lowe’s Companies, Inc. (LOW): Among the Best Dividend Monarchs to Invest in Now:  The Dividend Monarchs Index outperformed both the...
Generated summary:  The owners of a golf course in West Kelowna say t...
Summarized article West Kelowna golf course operators want restitution after on-course fight:  The owners of a golf course in West Kelowna say t...
Article West Kelowna golf course operators want restitution after on-course fight already summarized.
Generated summary:  Montreal Canadiens coach Martin St. Louis led his...
Summarized article St. Louis made playoff-bound Canadiens believers against all odds:  Montreal Canadiens coach Martin St. Louis led his...
Article St. Louis made playoff-bound Canadiens believers against all odds already summarized.
Generated summary:  Please check your inbox for a confirmation email ...
Summarized article BREAKING NEWS: Japan tariff minister Akazawa meets with Trump: source:  Please check your inbox for a confirmation email ...
Article BREAKING NEWS: Japan tariff minister Akazawa meets with Trump: source already summarized.
Generated summary:  The first Busch Microtronic since the 1980s has b...
Summarized article The Four-Bit Busch Microtronic Lives Again as the Microtronic Phoenix — Complete with Original ROM:  The first Busch Microtronic since the 1980s has b...
Generated summary:  Maingear has debuted its newest gaming pre-built ...
Summarized article Maingear Launches New MG-1 Pre-Built Systems, Featuring NVIDIA RTX 5060 And RTX 5060 Ti GPUs:  Maingear has debuted its newest gaming pre-built ...
Generated summary:  Why 90% of developers misuse Elasticsearch with S...
Summarized article Why 90% of Developers Misuse Elasticsearch with Spring Boot:  Why 90% of developers misuse Elasticsearch with S...
Generated summary:  K2-18b, the first confirmed Earth-orbiting exopla...
Summarized article Astronomers Detect a Signature of Life on a Distant Planet:  K2-18b, the first confirmed Earth-orbiting exopla...
Generated summary:  Kicktraq Mini embeds your personalized widget on ...
Summarized article Wireless Charge Nest:  Kicktraq Mini embeds your personalized widget on ...
Generated summary:  The Built-in Render Pipeline is Unity’s default r...
Summarized article Demon Lord Army Set 3:  The Built-in Render Pipeline is Unity’s default r...
